\BOOKMARK [1][-]{section.1}{\376\377\000E\000x\000e\000r\000c\000\355\000c\000i\000o\000\040\0001\000:\000\040\000A\000F\000N\000s\000\040\000s\000o\000b\000r\000e\000\040\000=\000\040\000\173\000a\000,\000\040\000b\000,\000\040\000c\000\175}{}% 1
\BOOKMARK [2][-]{subsection.1.1}{\376\377\000E\000x\000e\000r\000c\000\355\000c\000i\000o\000\040\0001\000a}{section.1}% 2
\BOOKMARK [2][-]{subsection.1.2}{\376\377\000E\000x\000e\000r\000c\000\355\000c\000i\000o\000\040\0001\000b}{section.1}% 3
\BOOKMARK [2][-]{subsection.1.3}{\376\377\000E\000x\000e\000r\000c\000\355\000c\000i\000o\000\040\0001\000c}{section.1}% 4
\BOOKMARK [2][-]{subsection.1.4}{\376\377\000E\000x\000e\000r\000c\000\355\000c\000i\000o\000\040\0001\000d}{section.1}% 5
\BOOKMARK [2][-]{subsection.1.5}{\376\377\000E\000x\000e\000r\000c\000\355\000c\000i\000o\000\040\0001\000e}{section.1}% 6
\BOOKMARK [2][-]{subsection.1.6}{\376\377\000E\000x\000e\000r\000c\000\355\000c\000i\000o\000\040\0001\000f}{section.1}% 7
\BOOKMARK [2][-]{subsection.1.7}{\376\377\000E\000x\000e\000r\000c\000\355\000c\000i\000o\000\040\0001\000g}{section.1}% 8
\BOOKMARK [2][-]{subsection.1.8}{\376\377\000E\000x\000e\000r\000c\000\355\000c\000i\000o\000\040\0001\000h}{section.1}% 9
\BOOKMARK [2][-]{subsection.1.9}{\376\377\000E\000x\000e\000r\000c\000\355\000c\000i\000o\000\040\0001\000i}{section.1}% 10
\BOOKMARK [2][-]{subsection.1.10}{\376\377\000E\000x\000e\000r\000c\000\355\000c\000i\000o\000\040\0001\000j}{section.1}% 11
\BOOKMARK [1][-]{section.2}{\376\377\000E\000x\000e\000r\000c\000\355\000c\000i\000o\000\040\0002\000:\000\040\000\332\000l\000t\000i\000m\000o\000\040\000s\000\355\000m\000b\000o\000l\000o\000\040\000r\000e\000p\000e\000t\000i\000d\000o}{}% 12
\BOOKMARK [1][-]{section.3}{\376\377\000E\000x\000e\000r\000c\000\355\000c\000i\000o\000\040\0003\000:\000\040\000C\000o\000n\000d\000i\000\347\000\343\000o\000\040\000c\000o\000m\000p\000l\000e\000x\000a\000\040\000c\000o\000m\000\040\000s\000u\000f\000i\000x\000o\000s\000\040\000e\000\040\000s\000u\000b\000p\000a\000l\000a\000v\000r\000a\000s}{}% 13
\BOOKMARK [1][-]{section.4}{\376\377\000E\000x\000e\000r\000c\000\355\000c\000i\000o\000\040\0004\000:\000\040\000A\000F\000N\000s\000\040\000a\000\040\000p\000a\000r\000t\000i\000r\000\040\000d\000e\000\040\000E\000x\000p\000r\000e\000s\000s\000\365\000e\000s\000\040\000R\000e\000g\000u\000l\000a\000r\000e\000s}{}% 14
\BOOKMARK [2][-]{subsection.4.1}{\376\377\000E\000x\000e\000r\000c\000\355\000c\000i\000o\000\040\0004\000a}{section.4}% 15
\BOOKMARK [2][-]{subsection.4.2}{\376\377\000E\000x\000e\000r\000c\000\355\000c\000i\000o\000\040\0004\000b}{section.4}% 16
\BOOKMARK [2][-]{subsection.4.3}{\376\377\000E\000x\000e\000r\000c\000\355\000c\000i\000o\000\040\0004\000c}{section.4}% 17
\BOOKMARK [2][-]{subsection.4.4}{\376\377\000E\000x\000e\000r\000c\000\355\000c\000i\000o\000\040\0004\000d}{section.4}% 18
\BOOKMARK [2][-]{subsection.4.5}{\376\377\000E\000x\000e\000r\000c\000\355\000c\000i\000o\000\040\0004\000e}{section.4}% 19
\BOOKMARK [2][-]{subsection.4.6}{\376\377\000E\000x\000e\000r\000c\000\355\000c\000i\000o\000\040\0004\000f}{section.4}% 20
\BOOKMARK [2][-]{subsection.4.7}{\376\377\000E\000x\000e\000r\000c\000\355\000c\000i\000o\000\040\0004\000g}{section.4}% 21
\BOOKMARK [2][-]{subsection.4.8}{\376\377\000E\000x\000e\000r\000c\000\355\000c\000i\000o\000\040\0004\000h}{section.4}% 22
\BOOKMARK [2][-]{subsection.4.9}{\376\377\000E\000x\000e\000r\000c\000\355\000c\000i\000o\000\040\0004\000i}{section.4}% 23
\BOOKMARK [2][-]{subsection.4.10}{\376\377\000E\000x\000e\000r\000c\000\355\000c\000i\000o\000\040\0004\000j}{section.4}% 24
\BOOKMARK [1][-]{section.5}{\376\377\000R\000e\000s\000u\000m\000o\000\040\000d\000o\000s\000\040\000E\000x\000e\000r\000c\000\355\000c\000i\000o\000s}{}% 25
