\BOOKMARK [1][-]{section.1}{\376\377\000E\000x\000e\000r\000c\000\355\000c\000i\000o\000\040\0001\000:\000\040\000P\000r\000o\000p\000o\000s\000i\000\347\000\365\000e\000s\000\040\000s\000o\000b\000r\000e\000\040\000A\000u\000t\000\364\000m\000a\000t\000o\000s\000\040\000e\000\040\000L\000i\000n\000g\000u\000a\000g\000e\000n\000s}{}% 1
\BOOKMARK [2][-]{subsection.1.1}{\376\377\000\050\000a\000\051\000\040\000L\000i\000n\000g\000u\000a\000g\000e\000m\000\040\000i\000n\000f\000i\000n\000i\000t\000a\000\040\000e\000m\000\040\000A\000F\000D\000\040\000d\000e\000\040\000u\000m\000\040\000e\000s\000t\000a\000d\000o}{section.1}% 2
\BOOKMARK [2][-]{subsection.1.2}{\376\377\000\050\000b\000\051\000\040\000L\000i\000n\000g\000u\000a\000g\000e\000m\000\040\000f\000i\000n\000i\000t\000a\000\040\000c\000o\000m\000\040\000t\000r\000i\000l\000h\000\343\000o\000\040\000d\000e\000\040\000e\000s\000t\000a\000d\000o\000s}{section.1}% 3
\BOOKMARK [2][-]{subsection.1.3}{\376\377\000\050\000c\000\051\000\040\000S\000u\000b\000c\000o\000n\000j\000u\000n\000t\000o\000\040\000d\000e\000\040\000l\000i\000n\000g\000u\000a\000g\000e\000m\000\040\000r\000e\000g\000u\000l\000a\000r}{section.1}% 4
\BOOKMARK [2][-]{subsection.1.4}{\376\377\000\050\000d\000\051\000\040\000S\000u\000p\000e\000r\000c\000o\000n\000j\000u\000n\000t\000o\000\040\000d\000e\000\040\000l\000i\000n\000g\000u\000a\000g\000e\000m\000\040\000n\000\343\000o\000\040\000r\000e\000g\000u\000l\000a\000r}{section.1}% 5
\BOOKMARK [2][-]{subsection.1.5}{\376\377\000\050\000e\000\051\000\040\000R\000e\000g\000r\000a\000\040\000\372\000n\000i\000c\000a\000\040\000g\000e\000r\000a\000\040\000l\000i\000n\000g\000u\000a\000g\000e\000m\000\040\000i\000n\000f\000i\000n\000i\000t\000a}{section.1}% 6
\BOOKMARK [2][-]{subsection.1.6}{\376\377\000\050\000f\000\051\000\040\000E\000R\000\040\000p\000a\000r\000a\000\040\000G\000R}{section.1}% 7
\BOOKMARK [2][-]{subsection.1.7}{\376\377\000\050\000g\000\051\000\040\000G\000R\000\040\000d\000e\000f\000i\000n\000e\000\040\000q\000u\000a\000l\000q\000u\000e\000r\000\040\000l\000i\000n\000g\000u\000a\000g\000e\000m\000\040\000f\000i\000n\000i\000t\000a}{section.1}% 8
\BOOKMARK [1][-]{section.2}{\376\377\000E\000x\000e\000r\000c\000\355\000c\000i\000o\000\040\0002\000:\000\040\000A\000P\000D\000\040\000p\000a\000r\000a\000\040\000L\000i\000n\000g\000u\000a\000g\000e\000n\000s\000\040\000E\000s\000p\000e\000c\000\355\000f\000i\000c\000a\000s}{}% 9
\BOOKMARK [2][-]{subsection.2.1}{\376\377\000\050\000a\000\051\000\040\000L\000i\000n\000g\000u\000a\000g\000e\000m\000\040\000\173\000w\000w\000w\000\040\000w\000\040\000\173\000a\000,\000b\000\175\000*\000\175}{section.2}% 10
\BOOKMARK [2][-]{subsection.2.2}{\376\377\000\050\000b\000\051\000\040\000L\000i\000n\000g\000u\000a\000g\000e\000m\000\040\000\173\0000\000m\000\040\0001\000n\000\040\000m\000\040\000=\000n\000\175}{section.2}% 11
\BOOKMARK [1][-]{section.3}{\376\377\000E\000x\000e\000r\000c\000\355\000c\000i\000o\000\040\0003\000:\000\040\000O\000p\000e\000r\000a\000\347\000\365\000e\000s\000\040\000c\000o\000m\000\040\000L\000L\000C}{}% 12
\BOOKMARK [2][-]{subsection.3.1}{\376\377\000\050\000a\000\051\000\040\000L\0001\000\040\000\050\000c\000o\000m\000p\000l\000e\000m\000e\000n\000t\000o\000\040\000d\000e\000\040\000L\0001\000\051}{section.3}% 13
\BOOKMARK [2][-]{subsection.3.2}{\376\377\000\050\000b\000\051\000\040\000L\0001\000\040\000L\0002}{section.3}% 14
\BOOKMARK [2][-]{subsection.3.3}{\376\377\000\050\000c\000\051\000\040\000L\0001\000\040\000L\0002}{section.3}% 15
\BOOKMARK [1][-]{section.4}{\376\377\000E\000x\000e\000r\000c\000\355\000c\000i\000o\000\040\0004\000:\000\040\000A\000P\000\040\000c\000o\000m\000\040\000P\000i\000l\000h\000a\000\040\000L\000i\000m\000i\000t\000a\000d\000a}{}% 16
\BOOKMARK [1][-]{section.5}{\376\377\000E\000x\000e\000r\000c\000\355\000c\000i\000o\000\040\0005\000:\000\040\000T\000a\000b\000e\000l\000a\000\040\000d\000e\000\040\000H\000i\000e\000r\000a\000r\000q\000u\000i\000a\000\040\000d\000e\000\040\000L\000i\000n\000g\000u\000a\000g\000e\000n\000s}{}% 17
\BOOKMARK [2][-]{subsection.5.1}{\376\377\000E\000x\000p\000l\000i\000c\000a\000\347\000\365\000e\000s}{section.5}% 18
\BOOKMARK [1][-]{section.6}{\376\377\000E\000x\000e\000r\000c\000\355\000c\000i\000o\000\040\0006\000:\000\040\000C\000o\000m\000p\000l\000e\000m\000e\000n\000t\000o\000\040\000d\000e\000\040\000L\000i\000n\000g\000u\000a\000g\000e\000m\000\040\000N\000\343\000o\000\040\000R\000e\000c\000u\000r\000s\000i\000v\000a}{}% 19
\BOOKMARK [1][-]{section.7}{\376\377\000E\000x\000e\000r\000c\000\355\000c\000i\000o\000\040\0007\000:\000\040\000O\000p\000e\000r\000a\000\347\000\365\000e\000s\000\040\000e\000n\000t\000r\000e\000\040\000L\000R\000E\000\040\000e\000\040\000L\000i\000n\000g\000u\000a\000g\000e\000n\000s\000\040\000R\000e\000c\000u\000r\000s\000i\000v\000a\000s}{}% 20
\BOOKMARK [2][-]{subsection.7.1}{\376\377\000\050\000a\000\051\000\040\000L\000\040\000-\000\040\000R\000\040\000\351\000\040\000L\000R\000E}{section.7}% 21
\BOOKMARK [2][-]{subsection.7.2}{\376\377\000\050\000b\000\051\000\040\000R\000\040\000-\000\040\000L\000\040\000p\000o\000d\000e\000\040\000n\000\343\000o\000\040\000s\000e\000r\000\040\000L\000R\000E}{section.7}% 22
\BOOKMARK [1][-]{section.8}{\376\377\000E\000x\000e\000r\000c\000\355\000c\000i\000o\000\040\0008\000:\000\040\000Q\000u\000e\000s\000t\000\365\000e\000s\000\040\000s\000o\000b\000r\000e\000\040\000C\000l\000a\000s\000s\000e\000s\000\040\000d\000e\000\040\000L\000i\000n\000g\000u\000a\000g\000e\000n\000s}{}% 23
\BOOKMARK [2][-]{subsection.8.1}{\376\377\000\050\000a\000\051\000\040\000\173\000\175\000\040\000\351\000\040\000u\000m\000a\000\040\000L\000L\000C\000?}{section.8}% 24
\BOOKMARK [2][-]{subsection.8.2}{\376\377\000\050\000b\000\051\000\040\000\173\000\175\000\040\000\351\000\040\000u\000m\000a\000\040\000L\000r\000e\000g\000?}{section.8}% 25
\BOOKMARK [2][-]{subsection.8.3}{\376\377\000\050\000c\000\051\000\040\000L\000S\000C\000\040\000c\000o\000m\000\040\000L\000\040\000i\000m\000p\000l\000i\000c\000a\000\040\000L\000L\000C\000?}{section.8}% 26
\BOOKMARK [2][-]{subsection.8.4}{\376\377\000\050\000d\000\051\000\040\000L\000L\000C\000\040\000c\000o\000m\000\040\000-\000.\0002\0005\000e\000x\000-\000.\0002\0005\000e\000x\000-\000.\0002\0005\000e\000x\000-\000.\0002\0005\000e\000x\000L\000\040\000i\000m\000p\000l\000i\000c\000a\000\040\000L\000S\000C\000?}{section.8}% 27
\BOOKMARK [2][-]{subsection.8.5}{\376\377\000\050\000e\000\051\000\040\000L\000S\000C\000\040\000c\000o\000m\000\040\000-\000.\0002\0005\000e\000x\000-\000.\0002\0005\000e\000x\000-\000.\0002\0005\000e\000x\000-\000.\0002\0005\000e\000x\000L\000\040\000i\000m\000p\000l\000i\000c\000a\000\040\000L\000L\000C\000?}{section.8}% 28
\BOOKMARK [1][-]{section.9}{\376\377\000E\000x\000e\000r\000c\000\355\000c\000i\000o\000\040\0009\000:\000\040\000D\000i\000f\000e\000r\000e\000n\000\347\000a\000\040\000e\000n\000t\000r\000e\000\040\000L\000R\000\040\000e\000\040\000L\000R\000E}{}% 29
\BOOKMARK [1][-]{section.10}{\376\377\000E\000x\000e\000r\000c\000\355\000c\000i\000o\000\040\0001\0000\000:\000\040\000M\000\341\000q\000u\000i\000n\000a\000\040\000d\000e\000\040\000T\000u\000r\000i\000n\000g\000\040\000p\000a\000r\000a\000\040\000*}{}% 30
\BOOKMARK [1][-]{section.11}{\376\377\000E\000x\000e\000r\000c\000\355\000c\000i\000o\000\040\0001\0001\000:\000\040\000M\000T\000\040\000c\000o\000m\000\040\000F\000i\000t\000a\000\040\000L\000i\000m\000i\000t\000a\000d\000a\000\040\000v\000s\000\040\000A\000F\000D}{}% 31
\BOOKMARK [1][-]{section.12}{\376\377\000E\000x\000e\000r\000c\000\355\000c\000i\000o\000\040\0001\0002\000:\000\040\000P\000r\000o\000p\000o\000s\000i\000\347\000\365\000e\000s\000\040\000s\000o\000b\000r\000e\000\040\000D\000e\000c\000i\000d\000i\000b\000i\000l\000i\000d\000a\000d\000e}{}% 32
\BOOKMARK [2][-]{subsection.12.1}{\376\377\000\050\000a\000\051\000\040\000P\000a\000r\000a\000r\000\040\000e\000m\000\040\000n\000o\000\040\000m\000\341\000x\000i\000m\000o\000\040\0001\0000\0000\000\040\000t\000r\000a\000n\000s\000i\000\347\000\365\000e\000s}{section.12}% 33
\BOOKMARK [2][-]{subsection.12.2}{\376\377\000\050\000b\000\051\000\040\000E\000s\000c\000r\000e\000v\000e\000r\000\040\000s\000\355\000m\000b\000o\000l\000o\000\040\000d\000i\000f\000e\000r\000e\000n\000t\000e\000\040\000d\000o\000\040\000b\000r\000a\000n\000c\000o\000\040\000p\000a\000r\000a\000\040\000e\000n\000t\000r\000a\000d\000a\000\040\000v\000a\000z\000i\000a}{section.12}% 34
\BOOKMARK [2][-]{subsection.12.3}{\376\377\000\050\000c\000\051\000\040\000C\000o\000n\000j\000u\000n\000t\000o\000\040\000f\000i\000n\000i\000t\000o\000\040\000d\000e\000\040\000i\000n\000s\000t\000\342\000n\000c\000i\000a\000s\000\040\000i\000m\000p\000l\000i\000c\000a\000\040\000d\000e\000c\000i\000d\000\355\000v\000e\000l}{section.12}% 35
\BOOKMARK [2][-]{subsection.12.4}{\376\377\000\050\000d\000\051\000\040\000T\000e\000s\000t\000a\000r\000\040\000p\000r\000i\000m\000a\000l\000i\000d\000a\000d\000e\000\040\000d\000e\000\040\0002\0003\0004\000.\0005\0005\0007\000.\0002\0003\0009\000.\0004\0005\0001}{section.12}% 36
\BOOKMARK [2][-]{subsection.12.5}{\376\377\000\050\000e\000\051\000\040\000M\000T\000\040\000f\000i\000t\000a\000\040\000l\000i\000m\000i\000t\000a\000d\000a\000\040\000v\000s\000\040\000M\000T\000\040\000f\000i\000t\000a\000\040\000i\000l\000i\000m\000i\000t\000a\000d\000a}{section.12}% 37
\BOOKMARK [2][-]{subsection.12.6}{\376\377\000\050\000f\000\051\000\040\000G\000r\000a\000m\000\341\000t\000i\000c\000a\000\040\000i\000r\000r\000e\000s\000t\000r\000i\000t\000a\000\040\000e\000\040\000M\000T\000\040\000f\000i\000t\000a\000\040\000l\000i\000m\000i\000t\000a\000d\000a}{section.12}% 38
\BOOKMARK [2][-]{subsection.12.7}{\376\377\000\050\000g\000\051\000\040\000G\000L\000C\000\040\000g\000e\000r\000a\000\040\000l\000i\000n\000g\000u\000a\000g\000e\000m\000\040\000L\000L\000C}{section.12}% 39
\BOOKMARK [2][-]{subsection.12.8}{\376\377\000\050\000h\000\051\000\040\000P\000r\000o\000v\000a\000r\000\040\000d\000e\000c\000i\000d\000i\000b\000i\000l\000i\000d\000a\000d\000e\000\040\000r\000e\000q\000u\000e\000r\000\040\000e\000x\000i\000b\000i\000r\000\040\000M\000T}{section.12}% 40
\BOOKMARK [2][-]{subsection.12.9}{\376\377\000\050\000i\000\051\000\040\000T\000o\000d\000a\000\040\000l\000i\000n\000g\000u\000a\000g\000e\000m\000\040\000t\000e\000m\000\040\000M\000T\000\040\000q\000u\000e\000\040\000a\000\040\000r\000e\000c\000o\000n\000h\000e\000c\000e}{section.12}% 41
\BOOKMARK [2][-]{subsection.12.10}{\376\377\000\050\000j\000\051\000\040\000G\000r\000a\000m\000\341\000t\000i\000c\000a\000\040\000i\000m\000p\000l\000i\000c\000a\000\040\000M\000T\000\040\000q\000u\000e\000\040\000g\000e\000r\000a\000\040\000p\000a\000l\000a\000v\000r\000a\000s}{section.12}% 42
\BOOKMARK [1][-]{section.13}{\376\377\000O\000b\000s\000e\000r\000v\000a\000\347\000\365\000e\000s\000\040\000F\000i\000n\000a\000i\000s}{}% 43
\BOOKMARK [2][-]{subsection.13.1}{\376\377\000R\000e\000s\000u\000m\000o\000\040\000C\000o\000m\000p\000l\000e\000t\000o\000\040\000d\000o\000s\000\040\000E\000x\000e\000r\000c\000\355\000c\000i\000o\000s}{section.13}% 44
\BOOKMARK [2][-]{subsection.13.2}{\376\377\000C\000o\000n\000c\000e\000i\000t\000o\000s\000-\000C\000h\000a\000v\000e\000\040\000A\000b\000o\000r\000d\000a\000d\000o\000s}{section.13}% 45
\BOOKMARK [2][-]{subsection.13.3}{\376\377\000R\000e\000s\000u\000l\000t\000a\000d\000o\000s\000\040\000I\000m\000p\000o\000r\000t\000a\000n\000t\000e\000s}{section.13}% 46
\BOOKMARK [2][-]{subsection.13.4}{\376\377\000A\000p\000l\000i\000c\000a\000\347\000\365\000e\000s\000\040\000P\000r\000\341\000t\000i\000c\000a\000s}{section.13}% 47
