\BOOKMARK [1][-]{section.1}{\376\377\000E\000x\000e\000r\000c\000\355\000c\000i\000o\000\040\0001\000:\000\040\000P\000a\000r\000\040\000d\000e\000\040\000a\000\040\000e\000\040\000\355\000m\000p\000a\000r\000\040\000d\000e\000\040\000b\000\040\000O\000U\000\040\000\355\000m\000p\000a\000r\000\040\000d\000e\000\040\000a\000\040\000e\000\040\000p\000a\000r\000\040\000d\000e\000\040\000b}{}% 1
\BOOKMARK [2][-]{subsection.1.1}{\376\377\000E\000n\000u\000n\000c\000i\000a\000d\000o}{section.1}% 2
\BOOKMARK [2][-]{subsection.1.2}{\376\377\000D\000e\000f\000i\000n\000i\000\347\000\343\000o\000\040\000F\000o\000r\000m\000a\000l}{section.1}% 3
\BOOKMARK [2][-]{subsection.1.3}{\376\377\000E\000s\000t\000r\000a\000t\000\351\000g\000i\000a}{section.1}% 4
\BOOKMARK [2][-]{subsection.1.4}{\376\377\000T\000a\000b\000e\000l\000a\000\040\000d\000e\000\040\000T\000r\000a\000n\000s\000i\000\347\000\365\000e\000s}{section.1}% 5
\BOOKMARK [2][-]{subsection.1.5}{\376\377\000D\000i\000a\000g\000r\000a\000m\000a\000\040\000d\000e\000\040\000E\000s\000t\000a\000d\000o\000s}{section.1}% 6
\BOOKMARK [2][-]{subsection.1.6}{\376\377\000E\000x\000e\000m\000p\000l\000o\000s}{section.1}% 7
\BOOKMARK [1][-]{section.2}{\376\377\000E\000x\000e\000r\000c\000\355\000c\000i\000o\000\040\0002\000:\000\040\000P\000r\000i\000m\000e\000i\000r\000o\000\040\000s\000\355\000m\000b\000o\000l\000o\000\040\000i\000g\000u\000a\000l\000\040\000a\000o\000\040\000\372\000l\000t\000i\000m\000o}{}% 8
\BOOKMARK [2][-]{subsection.2.1}{\376\377\000E\000n\000u\000n\000c\000i\000a\000d\000o}{section.2}% 9
\BOOKMARK [2][-]{subsection.2.2}{\376\377\000D\000e\000f\000i\000n\000i\000\347\000\343\000o\000\040\000F\000o\000r\000m\000a\000l}{section.2}% 10
\BOOKMARK [2][-]{subsection.2.3}{\376\377\000E\000s\000t\000r\000a\000t\000\351\000g\000i\000a}{section.2}% 11
\BOOKMARK [2][-]{subsection.2.4}{\376\377\000D\000i\000a\000g\000r\000a\000m\000a\000\040\000d\000e\000\040\000E\000s\000t\000a\000d\000o\000s}{section.2}% 12
\BOOKMARK [2][-]{subsection.2.5}{\376\377\000E\000x\000e\000m\000p\000l\000o\000s}{section.2}% 13
\BOOKMARK [1][-]{section.3}{\376\377\000E\000x\000e\000r\000c\000\355\000c\000i\000o\000\040\0003\000:\000\040\000L\000i\000n\000g\000u\000a\000g\000e\000m\000\040\000b\000a\000n\000b\000a}{}% 14
\BOOKMARK [2][-]{subsection.3.1}{\376\377\000E\000n\000u\000n\000c\000i\000a\000d\000o}{section.3}% 15
\BOOKMARK [2][-]{subsection.3.2}{\376\377\000D\000e\000f\000i\000n\000i\000\347\000\343\000o\000\040\000F\000o\000r\000m\000a\000l}{section.3}% 16
\BOOKMARK [2][-]{subsection.3.3}{\376\377\000E\000s\000t\000r\000a\000t\000\351\000g\000i\000a}{section.3}% 17
\BOOKMARK [2][-]{subsection.3.4}{\376\377\000D\000i\000a\000g\000r\000a\000m\000a\000\040\000d\000e\000\040\000E\000s\000t\000a\000d\000o\000s}{section.3}% 18
\BOOKMARK [2][-]{subsection.3.5}{\376\377\000E\000x\000e\000m\000p\000l\000o\000s}{section.3}% 19
\BOOKMARK [1][-]{section.4}{\376\377\000E\000x\000e\000r\000c\000\355\000c\000i\000o\000\040\0004\000:\000\040\000a\000x\000\040\000b\000y\000\040\000o\000n\000d\000e\000\040\000x\000\040\000+\000\040\000y\000\040\000\351\000\040\000p\000a\000r}{}% 20
\BOOKMARK [2][-]{subsection.4.1}{\376\377\000E\000n\000u\000n\000c\000i\000a\000d\000o}{section.4}% 21
\BOOKMARK [2][-]{subsection.4.2}{\376\377\000D\000e\000f\000i\000n\000i\000\347\000\343\000o\000\040\000F\000o\000r\000m\000a\000l}{section.4}% 22
\BOOKMARK [2][-]{subsection.4.3}{\376\377\000E\000s\000t\000r\000a\000t\000\351\000g\000i\000a}{section.4}% 23
\BOOKMARK [2][-]{subsection.4.4}{\376\377\000D\000i\000a\000g\000r\000a\000m\000a\000\040\000d\000e\000\040\000E\000s\000t\000a\000d\000o\000s}{section.4}% 24
\BOOKMARK [2][-]{subsection.4.5}{\376\377\000E\000x\000e\000m\000p\000l\000o\000s}{section.4}% 25
\BOOKMARK [1][-]{section.5}{\376\377\000E\000x\000e\000r\000c\000\355\000c\000i\000o\000\040\0005\000a\000:\000\040\000Q\000u\000a\000n\000t\000i\000d\000a\000d\000e\000\040\000p\000a\000r\000\040\000d\000e\000\040\000`\000`\000a\000b\000'\000'}{}% 26
\BOOKMARK [2][-]{subsection.5.1}{\376\377\000E\000n\000u\000n\000c\000i\000a\000d\000o}{section.5}% 27
\BOOKMARK [2][-]{subsection.5.2}{\376\377\000E\000s\000t\000r\000a\000t\000\351\000g\000i\000a}{section.5}% 28
\BOOKMARK [2][-]{subsection.5.3}{\376\377\000D\000i\000a\000g\000r\000a\000m\000a\000\040\000d\000e\000\040\000E\000s\000t\000a\000d\000o\000s}{section.5}% 29
\BOOKMARK [2][-]{subsection.5.4}{\376\377\000E\000x\000e\000m\000p\000l\000o\000s}{section.5}% 30
\BOOKMARK [1][-]{section.6}{\376\377\000E\000x\000e\000r\000c\000\355\000c\000i\000o\000\040\0005\000b\000:\000\040\000`\000`\000a\000a\000'\000'\000\040\000c\000o\000m\000o\000\040\000s\000u\000b\000c\000a\000d\000e\000i\000a}{}% 31
\BOOKMARK [2][-]{subsection.6.1}{\376\377\000E\000n\000u\000n\000c\000i\000a\000d\000o}{section.6}% 32
\BOOKMARK [2][-]{subsection.6.2}{\376\377\000E\000s\000t\000r\000a\000t\000\351\000g\000i\000a}{section.6}% 33
\BOOKMARK [2][-]{subsection.6.3}{\376\377\000D\000i\000a\000g\000r\000a\000m\000a\000\040\000d\000e\000\040\000E\000s\000t\000a\000d\000o\000s}{section.6}% 34
\BOOKMARK [2][-]{subsection.6.4}{\376\377\000E\000x\000e\000m\000p\000l\000o\000s}{section.6}% 35
\BOOKMARK [1][-]{section.7}{\376\377\000E\000x\000e\000r\000c\000\355\000c\000i\000o\000\040\0005\000c\000:\000\040\000E\000x\000a\000t\000a\000m\000e\000n\000t\000e\000\040\000u\000m\000\040\000`\000`\000a\000'\000'}{}% 36
\BOOKMARK [2][-]{subsection.7.1}{\376\377\000E\000n\000u\000n\000c\000i\000a\000d\000o}{section.7}% 37
\BOOKMARK [2][-]{subsection.7.2}{\376\377\000E\000s\000t\000r\000a\000t\000\351\000g\000i\000a}{section.7}% 38
\BOOKMARK [2][-]{subsection.7.3}{\376\377\000D\000i\000a\000g\000r\000a\000m\000a\000\040\000d\000e\000\040\000E\000s\000t\000a\000d\000o\000s}{section.7}% 39
\BOOKMARK [2][-]{subsection.7.4}{\376\377\000E\000x\000e\000m\000p\000l\000o\000s}{section.7}% 40
\BOOKMARK [1][-]{section.8}{\376\377\000E\000x\000e\000r\000c\000\355\000c\000i\000o\000\040\0005\000d\000:\000\040\000P\000e\000l\000o\000\040\000m\000e\000n\000o\000s\000\040\000d\000o\000i\000s\000\040\000`\000`\000a\000'\000'}{}% 41
\BOOKMARK [2][-]{subsection.8.1}{\376\377\000E\000n\000u\000n\000c\000i\000a\000d\000o}{section.8}% 42
\BOOKMARK [2][-]{subsection.8.2}{\376\377\000E\000s\000t\000r\000a\000t\000\351\000g\000i\000a}{section.8}% 43
\BOOKMARK [2][-]{subsection.8.3}{\376\377\000D\000i\000a\000g\000r\000a\000m\000a\000\040\000d\000e\000\040\000E\000s\000t\000a\000d\000o\000s}{section.8}% 44
\BOOKMARK [2][-]{subsection.8.4}{\376\377\000E\000x\000e\000m\000p\000l\000o\000s}{section.8}% 45
\BOOKMARK [1][-]{section.9}{\376\377\000E\000x\000e\000r\000c\000\355\000c\000i\000o\000\040\0005\000e\000:\000\040\000Q\000u\000a\000n\000t\000i\000d\000a\000d\000e\000\040\000\355\000m\000p\000a\000r\000\040\000d\000e\000\040\000`\000`\000a\000b\000'\000'}{}% 46
\BOOKMARK [2][-]{subsection.9.1}{\376\377\000E\000n\000u\000n\000c\000i\000a\000d\000o}{section.9}% 47
\BOOKMARK [2][-]{subsection.9.2}{\376\377\000E\000s\000t\000r\000a\000t\000\351\000g\000i\000a}{section.9}% 48
\BOOKMARK [2][-]{subsection.9.3}{\376\377\000D\000i\000a\000g\000r\000a\000m\000a\000\040\000d\000e\000\040\000E\000s\000t\000a\000d\000o\000s}{section.9}% 49
\BOOKMARK [2][-]{subsection.9.4}{\376\377\000E\000x\000e\000m\000p\000l\000o\000s}{section.9}% 50
\BOOKMARK [1][-]{section.10}{\376\377\000E\000x\000e\000r\000c\000\355\000c\000i\000o\000\040\0005\000f\000:\000\040\000N\000\343\000o\000\040\000c\000o\000m\000e\000\347\000a\000\040\000c\000o\000m\000\040\000`\000`\000a\000a\000a\000'\000'}{}% 51
\BOOKMARK [2][-]{subsection.10.1}{\376\377\000E\000n\000u\000n\000c\000i\000a\000d\000o}{section.10}% 52
\BOOKMARK [2][-]{subsection.10.2}{\376\377\000E\000s\000t\000r\000a\000t\000\351\000g\000i\000a}{section.10}% 53
\BOOKMARK [2][-]{subsection.10.3}{\376\377\000D\000i\000a\000g\000r\000a\000m\000a\000\040\000d\000e\000\040\000E\000s\000t\000a\000d\000o\000s}{section.10}% 54
\BOOKMARK [2][-]{subsection.10.4}{\376\377\000E\000x\000e\000m\000p\000l\000o\000s}{section.10}% 55
\BOOKMARK [1][-]{section.11}{\376\377\000E\000x\000e\000r\000c\000\355\000c\000i\000o\000\040\0006\000:\000\040\000N\000\372\000m\000e\000r\000o\000\040\000b\000i\000n\000\341\000r\000i\000o\000\040\000d\000i\000v\000i\000s\000\355\000v\000e\000l\000\040\000p\000o\000r\000\040\0003}{}% 56
\BOOKMARK [2][-]{subsection.11.1}{\376\377\000E\000n\000u\000n\000c\000i\000a\000d\000o}{section.11}% 57
\BOOKMARK [2][-]{subsection.11.2}{\376\377\000D\000e\000f\000i\000n\000i\000\347\000\343\000o\000\040\000F\000o\000r\000m\000a\000l}{section.11}% 58
\BOOKMARK [2][-]{subsection.11.3}{\376\377\000E\000s\000t\000r\000a\000t\000\351\000g\000i\000a}{section.11}% 59
\BOOKMARK [2][-]{subsection.11.4}{\376\377\000T\000a\000b\000e\000l\000a\000\040\000d\000e\000\040\000T\000r\000a\000n\000s\000i\000\347\000\365\000e\000s}{section.11}% 60
\BOOKMARK [2][-]{subsection.11.5}{\376\377\000D\000i\000a\000g\000r\000a\000m\000a\000\040\000d\000e\000\040\000E\000s\000t\000a\000d\000o\000s}{section.11}% 61
\BOOKMARK [2][-]{subsection.11.6}{\376\377\000E\000x\000e\000m\000p\000l\000o\000s}{section.11}% 62
\BOOKMARK [1][-]{section.12}{\376\377\000E\000x\000e\000r\000c\000\355\000c\000i\000o\000\040\0007\000a\000:\000\040\000E\000R\000\040\000a\000a\000a\000\050\000a\000|\000b\000|\000c\000\051\000*}{}% 63
\BOOKMARK [2][-]{subsection.12.1}{\376\377\000E\000n\000u\000n\000c\000i\000a\000d\000o}{section.12}% 64
\BOOKMARK [2][-]{subsection.12.2}{\376\377\000E\000s\000t\000r\000a\000t\000\351\000g\000i\000a}{section.12}% 65
\BOOKMARK [2][-]{subsection.12.3}{\376\377\000D\000i\000a\000g\000r\000a\000m\000a\000\040\000d\000e\000\040\000E\000s\000t\000a\000d\000o\000s}{section.12}% 66
\BOOKMARK [2][-]{subsection.12.4}{\376\377\000E\000x\000e\000m\000p\000l\000o\000s}{section.12}% 67
\BOOKMARK [1][-]{section.13}{\376\377\000E\000x\000e\000r\000c\000\355\000c\000i\000o\000\040\0007\000b\000:\000\040\000E\000R\000\040\000\050\000a\000b\000\051\000*\000\050\000b\000a\000\051\000*}{}% 68
\BOOKMARK [2][-]{subsection.13.1}{\376\377\000E\000n\000u\000n\000c\000i\000a\000d\000o}{section.13}% 69
\BOOKMARK [2][-]{subsection.13.2}{\376\377\000E\000s\000t\000r\000a\000t\000\351\000g\000i\000a}{section.13}% 70
\BOOKMARK [2][-]{subsection.13.3}{\376\377\000D\000i\000a\000g\000r\000a\000m\000a\000\040\000d\000e\000\040\000E\000s\000t\000a\000d\000o\000s}{section.13}% 71
\BOOKMARK [2][-]{subsection.13.4}{\376\377\000E\000x\000e\000m\000p\000l\000o\000s}{section.13}% 72
\BOOKMARK [1][-]{section.14}{\376\377\000E\000x\000e\000r\000c\000\355\000c\000i\000o\000\040\0007\000c\000:\000\040\000E\000R\000\040\000\050\000a\000a\000|\000b\000\051\000*\000b\000a\000a\000b}{}% 73
\BOOKMARK [2][-]{subsection.14.1}{\376\377\000E\000n\000u\000n\000c\000i\000a\000d\000o}{section.14}% 74
\BOOKMARK [2][-]{subsection.14.2}{\376\377\000E\000s\000t\000r\000a\000t\000\351\000g\000i\000a}{section.14}% 75
\BOOKMARK [2][-]{subsection.14.3}{\376\377\000D\000i\000a\000g\000r\000a\000m\000a\000\040\000d\000e\000\040\000E\000s\000t\000a\000d\000o\000s}{section.14}% 76
\BOOKMARK [2][-]{subsection.14.4}{\376\377\000E\000x\000e\000m\000p\000l\000o\000s}{section.14}% 77
\BOOKMARK [1][-]{section.15}{\376\377\000E\000x\000e\000r\000c\000\355\000c\000i\000o\000\040\0007\000d\000:\000\040\000E\000R\000\040\000\050\000\050\000a\000a\000|\000b\000b\000\051\000*\000c\000c\000\051\000*}{}% 78
\BOOKMARK [2][-]{subsection.15.1}{\376\377\000E\000n\000u\000n\000c\000i\000a\000d\000o}{section.15}% 79
\BOOKMARK [2][-]{subsection.15.2}{\376\377\000E\000s\000t\000r\000a\000t\000\351\000g\000i\000a}{section.15}% 80
\BOOKMARK [2][-]{subsection.15.3}{\376\377\000D\000i\000a\000g\000r\000a\000m\000a\000\040\000d\000e\000\040\000E\000s\000t\000a\000d\000o\000s}{section.15}% 81
\BOOKMARK [2][-]{subsection.15.4}{\376\377\000E\000x\000e\000m\000p\000l\000o\000s}{section.15}% 82
\BOOKMARK [1][-]{section.16}{\376\377\000E\000x\000e\000r\000c\000\355\000c\000i\000o\000\040\0008\000:\000\040\000A\000F\000D\000\040\000p\000a\000r\000a\000\040\000E\000x\000p\000r\000e\000s\000s\000\343\000o\000\040\000R\000e\000g\000u\000l\000a\000r}{}% 83
\BOOKMARK [2][-]{subsection.16.1}{\376\377\000E\000n\000u\000n\000c\000i\000a\000d\000o}{section.16}% 84
\BOOKMARK [2][-]{subsection.16.2}{\376\377\000A\000n\000\341\000l\000i\000s\000e\000\040\000d\000o\000\040\000A\000F\000D}{section.16}% 85
\BOOKMARK [2][-]{subsection.16.3}{\376\377\000D\000e\000r\000i\000v\000a\000\347\000\343\000o\000\040\000d\000a\000\040\000E\000x\000p\000r\000e\000s\000s\000\343\000o\000\040\000R\000e\000g\000u\000l\000a\000r}{section.16}% 86
\BOOKMARK [2][-]{subsection.16.4}{\376\377\000V\000e\000r\000i\000f\000i\000c\000a\000\347\000\343\000o}{section.16}% 87
\BOOKMARK [1][-]{section.17}{\376\377\000E\000x\000e\000r\000c\000\355\000c\000i\000o\000\040\0009\000a\000:\000\040\000I\000d\000e\000n\000t\000i\000f\000i\000c\000a\000r\000\040\000L\000i\000n\000g\000u\000a\000g\000e\000m\000\040\000d\000o\000\040\000A\000F\000D}{}% 88
\BOOKMARK [2][-]{subsection.17.1}{\376\377\000E\000n\000u\000n\000c\000i\000a\000d\000o}{section.17}% 89
\BOOKMARK [2][-]{subsection.17.2}{\376\377\000D\000i\000a\000g\000r\000a\000m\000a}{section.17}% 90
\BOOKMARK [2][-]{subsection.17.3}{\376\377\000A\000n\000\341\000l\000i\000s\000e}{section.17}% 91
\BOOKMARK [1][-]{section.18}{\376\377\000E\000x\000e\000r\000c\000\355\000c\000i\000o\000\040\0009\000b\000:\000\040\000I\000d\000e\000n\000t\000i\000f\000i\000c\000a\000r\000\040\000L\000i\000n\000g\000u\000a\000g\000e\000m\000\040\000d\000o\000\040\000A\000F\000D}{}% 92
\BOOKMARK [2][-]{subsection.18.1}{\376\377\000E\000n\000u\000n\000c\000i\000a\000d\000o}{section.18}% 93
\BOOKMARK [2][-]{subsection.18.2}{\376\377\000D\000i\000a\000g\000r\000a\000m\000a}{section.18}% 94
\BOOKMARK [2][-]{subsection.18.3}{\376\377\000A\000n\000\341\000l\000i\000s\000e}{section.18}% 95
\BOOKMARK [1][-]{section.19}{\376\377\000R\000e\000s\000u\000m\000o\000\040\000d\000o\000s\000\040\000E\000x\000e\000r\000c\000\355\000c\000i\000o\000s}{}% 96
\BOOKMARK [1][-]{section.20}{\376\377\000O\000b\000s\000e\000r\000v\000a\000\347\000\365\000e\000s\000\040\000F\000i\000n\000a\000i\000s}{}% 97
