\BOOKMARK [1][-]{section.1}{\376\377\000E\000x\000e\000r\000c\000\355\000c\000i\000o\000\040\0001\000:\000\040\000G\000L\000C\000s\000\040\000s\000o\000b\000r\000e\000\040\000=\000\040\000\173\000a\000,\000\040\000b\000,\000\040\000c\000\175}{}% 1
\BOOKMARK [2][-]{subsection.1.1}{\376\377\000E\000x\000e\000r\000c\000\355\000c\000i\000o\000\040\0001\000a\000:\000\040\000L\000\040\000=\000\040\000\173\000a\000i\000\040\000b\000j\000\040\000i\000\040\000>\000\040\000j\000\175}{section.1}% 2
\BOOKMARK [2][-]{subsection.1.2}{\376\377\000E\000x\000e\000r\000c\000\355\000c\000i\000o\000\040\0001\000b\000:\000\040\000L\000\040\000=\000\040\000\173\000a\000i\000\040\000b\000j\000\040\000i\000\040\000<\000\040\000j\000\175}{section.1}% 3
\BOOKMARK [2][-]{subsection.1.3}{\376\377\000E\000x\000e\000r\000c\000\355\000c\000i\000o\000\040\0001\000c\000:\000\040\000L\000\040\000=\000\040\000\173\000a\000i\000\040\000b\000j\000\040\000i\000\040\000=\000j\000\175}{section.1}% 4
\BOOKMARK [2][-]{subsection.1.4}{\376\377\000E\000x\000e\000r\000c\000\355\000c\000i\000o\000\040\0001\000d\000:\000\040\000L\000\040\000=\000\040\000\173\000w\000\040\000c\000\040\000w\000R\000\040\000w\000\040\000\173\000a\000,\000b\000\175\000*\000\175}{section.1}% 5
\BOOKMARK [2][-]{subsection.1.5}{\376\377\000E\000x\000e\000r\000c\000\355\000c\000i\000o\000\040\0001\000e\000:\000\040\000L\000\040\000=\000\040\000\173\000a\000i\000\040\000b\000j\000\040\000c\000k\000\040\000i\000,\000\040\000j\000,\000\040\000k\000\040\000>\000\040\0000\000\040\000\040\000e\000\040\000\040\000i\000\040\000=\000\040\000k\000\175}{section.1}% 6
\BOOKMARK [2][-]{subsection.1.6}{\376\377\000E\000x\000e\000r\000c\000\355\000c\000i\000o\000\040\0001\000f\000:\000\040\000L\000\040\000=\000\040\000\173\000a\000i\000\040\000b\000j\000\040\000c\000k\000\040\000i\000,\000\040\000j\000,\000\040\000k\000\040\000>\000\040\0000\000\040\000\040\000e\000\040\000\040\000\050\000i\000\040\000=\000\040\000j\000\040\000\040\000o\000u\000\040\000\040\000j\000\040\000=\000\040\000k\000\051\000\175}{section.1}% 7
\BOOKMARK [2][-]{subsection.1.7}{\376\377\000E\000x\000e\000r\000c\000\355\000c\000i\000o\000\040\0001\000g\000:\000\040\000L\000\040\000=\000\040\000\173\000a\000i\000\040\000b\000j\000\040\000c\000k\000\040\000i\000,\000\040\000j\000,\000\040\000k\000\040\000>\000\040\0000\000\040\000\040\000e\000\040\000\040\000k\000\040\000=\000\040\0002\000\050\000i\000+\000j\000\051\000\175}{section.1}% 8
\BOOKMARK [1][-]{section.2}{\376\377\000E\000x\000e\000r\000c\000\355\000c\000i\000o\000\040\0002\000:\000\040\000G\000L\000C\000\040\000p\000a\000r\000a\000\040\000a\000n\000\040\000b\000n\000\040\000c\000m\000\040\000d\000m}{}% 9
\BOOKMARK [1][-]{section.3}{\376\377\000E\000x\000e\000r\000c\000\355\000c\000i\000o\000\040\0003\000:\000\040\000G\000L\000C\000s\000\040\000D\000i\000v\000e\000r\000s\000a\000s}{}% 10
\BOOKMARK [2][-]{subsection.3.1}{\376\377\000E\000x\000e\000r\000c\000\355\000c\000i\000o\000\040\0003\000a\000:\000\040\000E\000R\000\040\000\050\000a\000*\000\040\000b\000*\000\051\000*}{section.3}% 11
\BOOKMARK [2][-]{subsection.3.2}{\376\377\000E\000x\000e\000r\000c\000\355\000c\000i\000o\000\040\0003\000b\000:\000\040\000P\000a\000r\000\352\000n\000t\000e\000s\000e\000s\000\040\000B\000a\000l\000a\000n\000c\000e\000a\000d\000o\000s}{section.3}% 12
\BOOKMARK [2][-]{subsection.3.3}{\376\377\000E\000x\000e\000r\000c\000\355\000c\000i\000o\000\040\0003\000c\000:\000\040\000P\000a\000r\000\352\000n\000t\000e\000s\000e\000s\000\040\000e\000\040\000C\000o\000l\000c\000h\000e\000t\000e\000s\000\040\000B\000a\000l\000a\000n\000c\000e\000a\000d\000o\000s}{section.3}% 13
\BOOKMARK [2][-]{subsection.3.4}{\376\377\000E\000x\000e\000r\000c\000\355\000c\000i\000o\000\040\0003\000d\000:\000\040\000a\000n\000\040\000b\000n\000\040\000b\000n\000\040\000a\000n}{section.3}% 14
\BOOKMARK [2][-]{subsection.3.5}{\376\377\000E\000x\000e\000r\000c\000\355\000c\000i\000o\000\040\0003\000e\000:\000\040\000P\000a\000l\000\355\000n\000d\000r\000o\000m\000o\000s\000\040\000d\000e\000\040\000T\000a\000m\000a\000n\000h\000o\000\040\000\315\000m\000p\000a\000r}{section.3}% 15
\BOOKMARK [2][-]{subsection.3.6}{\376\377\000E\000x\000e\000r\000c\000\355\000c\000i\000o\000\040\0003\000f\000:\000\040\000P\000a\000l\000\355\000n\000d\000r\000o\000m\000o\000s}{section.3}% 16
\BOOKMARK [1][-]{section.4}{\376\377\000E\000x\000e\000r\000c\000\355\000c\000i\000o\000\040\0004\000:\000\040\000E\000x\000p\000r\000e\000s\000s\000\365\000e\000s\000\040\000M\000a\000t\000e\000m\000\341\000t\000i\000c\000a\000s}{}% 17
\BOOKMARK [1][-]{section.5}{\376\377\000E\000x\000e\000r\000c\000\355\000c\000i\000o\000\040\0005\000:\000\040\000G\000r\000a\000m\000\341\000t\000i\000c\000a\000s\000\040\000R\000e\000g\000u\000l\000a\000r\000e\000s\000\040\000\050\000G\000R\000\051}{}% 18
\BOOKMARK [2][-]{subsection.5.1}{\376\377\000E\000x\000e\000r\000c\000\355\000c\000i\000o\000\040\0005\000a\000:\000\040\000P\000e\000l\000o\000\040\000m\000e\000n\000o\000s\000\040\000t\000r\000\352\000s\000\040\0001\000'\000s}{section.5}% 19
\BOOKMARK [2][-]{subsection.5.2}{\376\377\000D\000i\000a\000g\000r\000a\000m\000a\000\040\000d\000o\000\040\000A\000F\000N\000\040\000E\000q\000u\000i\000v\000a\000l\000e\000n\000t\000e}{section.5}% 20
\BOOKMARK [2][-]{subsection.5.3}{\376\377\000E\000x\000e\000r\000c\000\355\000c\000i\000o\000\040\0005\000b\000:\000\040\000C\000o\000m\000e\000\347\000a\000\040\000c\000o\000m\000\040\0000\000\040\000e\000\040\000t\000e\000r\000m\000i\000n\000a\000\040\000c\000o\000m\000\040\0001}{section.5}% 21
\BOOKMARK [2][-]{subsection.5.4}{\376\377\000D\000i\000a\000g\000r\000a\000m\000a\000\040\000d\000o\000\040\000A\000F\000N\000\040\000E\000q\000u\000i\000v\000a\000l\000e\000n\000t\000e}{section.5}% 22
\BOOKMARK [2][-]{subsection.5.5}{\376\377\000E\000x\000e\000r\000c\000\355\000c\000i\000o\000\040\0005\000c\000:\000\040\000E\000R\000\040\000\050\0000\000*\000\040\0001\000*\000\051\000*}{section.5}% 23
\BOOKMARK [2][-]{subsection.5.6}{\376\377\000D\000i\000a\000g\000r\000a\000m\000a\000\040\000d\000o\000\040\000A\000F\000N\000\040\000E\000q\000u\000i\000v\000a\000l\000e\000n\000t\000e}{section.5}% 24
\BOOKMARK [2][-]{subsection.5.7}{\376\377\000E\000x\000e\000r\000c\000\355\000c\000i\000o\000\040\0005\000d\000:\000\040\000N\000\372\000m\000e\000r\000o\000\040\000\355\000m\000p\000a\000r\000\040\000d\000e\000\040\000o\000c\000o\000r\000r\000\352\000n\000c\000i\000a\000s\000\040\000d\000e\000\040\000`\000`\0000\0001\000'\000'}{section.5}% 25
\BOOKMARK [2][-]{subsection.5.8}{\376\377\000D\000i\000a\000g\000r\000a\000m\000a\000\040\000d\000o\000\040\000A\000F\000N\000\040\000E\000q\000u\000i\000v\000a\000l\000e\000n\000t\000e}{section.5}% 26
\BOOKMARK [2][-]{subsection.5.9}{\376\377\000E\000x\000e\000r\000c\000\355\000c\000i\000o\000\040\0005\000e\000:\000\040\000N\000\372\000m\000e\000r\000o\000\040\000B\000i\000n\000\341\000r\000i\000o\000\040\000V\000\341\000l\000i\000d\000o}{section.5}% 27
\BOOKMARK [2][-]{subsection.5.10}{\376\377\000D\000i\000a\000g\000r\000a\000m\000a\000\040\000d\000o\000\040\000A\000F\000N\000\040\000E\000q\000u\000i\000v\000a\000l\000e\000n\000t\000e}{section.5}% 28
\BOOKMARK [1][-]{section.6}{\376\377\000E\000x\000e\000r\000c\000\355\000c\000i\000o\000\040\0006\000:\000\040\000N\000\372\000m\000e\000r\000o\000s\000\040\000d\000e\000\040\000P\000o\000n\000t\000o\000\040\000F\000l\000u\000t\000u\000a\000n\000t\000e}{}% 29
\BOOKMARK [2][-]{subsection.6.1}{\376\377\000D\000i\000a\000g\000r\000a\000m\000a\000\040\000d\000o\000\040\000A\000F\000N\000\040\000E\000q\000u\000i\000v\000a\000l\000e\000n\000t\000e}{section.6}% 30
\BOOKMARK [1][-]{section.7}{\376\377\000R\000e\000s\000u\000m\000o\000\040\000d\000o\000s\000\040\000E\000x\000e\000r\000c\000\355\000c\000i\000o\000s}{}% 31
