\BOOKMARK [1][-]{section.1}{\376\377\000E\000x\000e\000m\000p\000l\000o\000:\000\040\000L\000i\000n\000g\000u\000a\000g\000e\000m\000\040\000a\000n\000\040\000b\000n}{}% 1
\BOOKMARK [1][-]{section.2}{\376\377\000E\000x\000e\000r\000c\000\355\000c\000i\000o\000\040\0001\000:\000\040\000L\000i\000n\000g\000u\000a\000g\000e\000m\000\040\000V\000a\000z\000i\000a}{}% 2
\BOOKMARK [1][-]{section.3}{\376\377\000E\000x\000e\000r\000c\000\355\000c\000i\000o\000\040\0002\000:\000\040\000L\000i\000n\000g\000u\000a\000g\000e\000n\000s\000\040\000s\000o\000b\000r\000e\000\040\000=\000\040\000\173\000a\000,\000\040\000b\000,\000\040\000c\000\175}{}% 3
\BOOKMARK [2][-]{subsection.3.1}{\376\377\000E\000x\000e\000r\000c\000\355\000c\000i\000o\000\040\0002\000a\000:\000\040\000P\000a\000l\000a\000v\000r\000a\000\040\000V\000a\000z\000i\000a}{section.3}% 4
\BOOKMARK [2][-]{subsection.3.2}{\376\377\000E\000x\000e\000r\000c\000\355\000c\000i\000o\000\040\0002\000b\000:\000\040\000i\000\040\000>\000\040\000j}{section.3}% 5
\BOOKMARK [2][-]{subsection.3.3}{\376\377\000E\000x\000e\000r\000c\000\355\000c\000i\000o\000\040\0002\000c\000:\000\040\000i\000\040\000<\000\040\000j}{section.3}% 6
\BOOKMARK [2][-]{subsection.3.4}{\376\377\000E\000x\000e\000r\000c\000\355\000c\000i\000o\000\040\0002\000d\000:\000\040\000i\000\040\000=\000j}{section.3}% 7
\BOOKMARK [2][-]{subsection.3.5}{\376\377\000E\000x\000e\000r\000c\000\355\000c\000i\000o\000\040\0002\000e\000:\000\040\000w\000c\000w\000R}{section.3}% 8
\BOOKMARK [2][-]{subsection.3.6}{\376\377\000E\000x\000e\000r\000c\000\355\000c\000i\000o\000\040\0002\000f\000:\000\040\000k\000\040\000=\000\040\0002\000\050\000i\000\040\000+\000\040\000j\000\051}{section.3}% 9
\BOOKMARK [2][-]{subsection.3.7}{\376\377\000E\000x\000e\000r\000c\000\355\000c\000i\000o\000\040\0002\000g\000:\000\040\000i\000\040\000=\000\040\000j\000\040\000o\000u\000\040\000j\000\040\000=\000\040\000k}{section.3}% 10
\BOOKMARK [2][-]{subsection.3.8}{\376\377\000E\000x\000e\000r\000c\000\355\000c\000i\000o\000\040\0002\000h\000:\000\040\000a\000*\000\040\000w\000\040\000c\000n}{section.3}% 11
\BOOKMARK [1][-]{section.4}{\376\377\000E\000x\000e\000r\000c\000\355\000c\000i\000o\000\040\0003\000:\000\040\000A\000P\000D\000\040\000p\000a\000r\000a\000\040\000a\000n\000\040\000b\000n\000\040\000c\000m\000\040\000d\000m}{}% 12
\BOOKMARK [1][-]{section.5}{\376\377\000E\000x\000e\000r\000c\000\355\000c\000i\000o\000\040\0004\000:\000\040\000A\000P\000D\000\040\000p\000a\000r\000a\000\040\000i\000\040\000+\000\040\000j\000\040\000=\000\040\000k\000\040\000+\000\040\000l}{}% 13
\BOOKMARK [1][-]{section.6}{\376\377\000E\000x\000e\000r\000c\000\355\000c\000i\000o\000\040\0005\000:\000\040\000A\000P\000\040\000p\000a\000r\000a\000\040\000i\000\040\000+\000\040\000j\000\040\000=\000\040\000k\000\040\000+\000\040\000l\000\040\000\050\000c\000o\000m\000\040\000a\000\040\000f\000i\000n\000a\000l\000\051}{}% 14
\BOOKMARK [1][-]{section.7}{\376\377\000E\000x\000e\000r\000c\000\355\000c\000i\000o\000\040\0006\000:\000\040\000L\000i\000n\000g\000u\000a\000g\000e\000n\000s\000\040\000R\000e\000g\000u\000l\000a\000r\000e\000s\000\040\000e\000\040\000L\000i\000v\000r\000e\000s\000\040\000d\000e\000\040\000C\000o\000n\000t\000e\000x\000t\000o}{}% 15
\BOOKMARK [2][-]{subsection.7.1}{\376\377\000E\000x\000e\000r\000c\000\355\000c\000i\000o\000\040\0006\000a\000:\000\040\000P\000e\000l\000o\000\040\000m\000e\000n\000o\000s\000\040\000t\000r\000\352\000s\000\040\0001\000'\000s}{section.7}% 16
\BOOKMARK [2][-]{subsection.7.2}{\376\377\000E\000x\000e\000r\000c\000\355\000c\000i\000o\000\040\0006\000b\000:\000\040\000Q\000u\000a\000n\000t\000i\000d\000a\000d\000e\000\040\000\355\000m\000p\000a\000r\000\040\000d\000e\000\040\0000\000'\000s}{section.7}% 17
\BOOKMARK [2][-]{subsection.7.3}{\376\377\000E\000x\000e\000r\000c\000\355\000c\000i\000o\000\040\0006\000c\000:\000\040\000*}{section.7}% 18
\BOOKMARK [2][-]{subsection.7.4}{\376\377\000E\000x\000e\000r\000c\000\355\000c\000i\000o\000\040\0006\000d\000:\000\040\000P\000a\000r\000\352\000n\000t\000e\000s\000e\000s\000\040\000B\000a\000l\000a\000n\000c\000e\000a\000d\000o\000s}{section.7}% 19
\BOOKMARK [2][-]{subsection.7.5}{\376\377\000E\000x\000e\000r\000c\000\355\000c\000i\000o\000\040\0006\000e\000:\000\040\000P\000a\000r\000\352\000n\000t\000e\000s\000e\000s\000\040\000e\000\040\000C\000o\000l\000c\000h\000e\000t\000e\000s\000\040\000B\000a\000l\000a\000n\000c\000e\000a\000d\000o\000s}{section.7}% 20
\BOOKMARK [2][-]{subsection.7.6}{\376\377\000E\000x\000e\000r\000c\000\355\000c\000i\000o\000\040\0006\000f\000:\000\040\000a\000n\000\040\000b\000n\000\040\000b\000n\000\040\000a\000n}{section.7}% 21
\BOOKMARK [2][-]{subsection.7.7}{\376\377\000E\000x\000e\000r\000c\000\355\000c\000i\000o\000\040\0006\000g\000:\000\040\000P\000a\000l\000\355\000n\000d\000r\000o\000m\000o\000s\000\040\000d\000e\000\040\000T\000a\000m\000a\000n\000h\000o\000\040\000\315\000m\000p\000a\000r}{section.7}% 22
\BOOKMARK [2][-]{subsection.7.8}{\376\377\000E\000x\000e\000r\000c\000\355\000c\000i\000o\000\040\0006\000h\000:\000\040\000P\000a\000l\000\355\000n\000d\000r\000o\000m\000o\000s}{section.7}% 23
\BOOKMARK [1][-]{section.8}{\376\377\000R\000e\000s\000u\000m\000o\000\040\000d\000o\000s\000\040\000E\000x\000e\000r\000c\000\355\000c\000i\000o\000s}{}% 24
