\BOOKMARK [1][-]{section.1}{\376\377\000E\000x\000e\000r\000c\000\355\000c\000i\000o\000\040\0001\000:\000\040\000C\000o\000n\000s\000t\000r\000u\000\347\000\343\000o\000\040\000d\000e\000\040\000M\000\341\000q\000u\000i\000n\000a\000s\000\040\000d\000e\000\040\000T\000u\000r\000i\000n\000g}{}% 1
\BOOKMARK [2][-]{subsection.1.1}{\376\377\0001\000.\000a\000\051\000\040\000L\000\040\000=\000\040\000\173\000w\000\040\000w\000\040\000\173\000a\000,\000\040\000b\000,\000\040\000c\000\175\000*\000\040\000\040\000e\000\040\000\040\000w\000\040\000\040\000c\000o\000m\000e\000\347\000a\000\040\000c\000o\000m\000\040\000\040\000a\000b\000\175}{section.1}% 2
\BOOKMARK [2][-]{subsection.1.2}{\376\377\0001\000.\000b\000\051\000\040\000L\000\040\000=\000\040\000\173\000a\000n\000\040\000b\000n\000\040\000c\000n\000\040\000n\000\040\0000\000\175}{section.1}% 3
\BOOKMARK [2][-]{subsection.1.3}{\376\377\0001\000.\000c\000\051\000\040\000L\000\040\000=\000\040\000\173\000a\000n\000\040\000b\000m\000\040\000n\000,\000\040\000m\000\040\0000\000\040\000\040\000e\000\040\000\040\000n\000\040\000=\000\040\0002\000m\000\175}{section.1}% 4
\BOOKMARK [2][-]{subsection.1.4}{\376\377\0001\000.\000d\000\051\000\040\000L\000\040\000=\000\040\000\173\000w\000w\000R\000\040\000w\000\040\000\173\000a\000,\000\040\000b\000\175\000*\000\175}{section.1}% 5
\BOOKMARK [2][-]{subsection.1.5}{\376\377\0001\000.\000e\000\051\000\040\000L\000\040\000=\000\040\000\173\000w\000\040\000w\000\040\000\173\000a\000,\000\040\000b\000\175\000*\000\040\000\040\000e\000\040\000\040\000n\000a\000\050\000w\000\051\000\040\000=\000\040\000n\000b\000\050\000w\000\051\000\175}{section.1}% 6
\BOOKMARK [2][-]{subsection.1.6}{\376\377\0001\000.\000f\000\051\000\040\000L\000\040\000=\000\040\000\173\0001\000n\000\040\0000\000n\000+\0003\000\040\000n\000\040\0000\000\175}{section.1}% 7
\BOOKMARK [2][-]{subsection.1.7}{\376\377\0001\000.\000g\000\051\000\040\000L\000\040\000=\000\040\000\173\000a\000n\000\040\000b\0002\000n\000\040\000c\000n\000-\0001\000\040\000n\000\040\000>\000\040\0000\000\175}{section.1}% 8
\BOOKMARK [2][-]{subsection.1.8}{\376\377\0001\000.\000h\000\051\000\040\000L\000\040\000=\000\040\000\173\000a\000i\000\040\000b\000j\000\040\000a\000k\000\040\000j\000\040\000=\000\040\000\050\000i\000,\000\040\000k\000\051\000\175}{section.1}% 9
\BOOKMARK [2][-]{subsection.1.9}{\376\377\0001\000.\000i\000\051\000\040\000L\000\040\000=\000\040\000\173\000a\000i\000\040\000b\000j\000\040\000a\000k\000\040\000i\000\040\000=\000\040\000j\000\040\000\040\000o\000u\000\040\000\040\000j\000\040\000=\000\040\000k\000\175}{section.1}% 10
\BOOKMARK [1][-]{section.2}{\376\377\000E\000x\000e\000r\000c\000\355\000c\000i\000o\000\040\0002\000:\000\040\000A\000n\000\341\000l\000i\000s\000e\000\040\000d\000e\000\040\000M\000\341\000q\000u\000i\000n\000a\000\040\000d\000e\000\040\000T\000u\000r\000i\000n\000g}{}% 11
\BOOKMARK [2][-]{subsection.2.1}{\376\377\000D\000i\000a\000g\000r\000a\000m\000a\000\040\000d\000e\000\040\000E\000s\000t\000a\000d\000o\000s\000\040\000d\000a\000\040\000M\000T}{section.2}% 12
\BOOKMARK [2][-]{subsection.2.2}{\376\377\000D\000e\000f\000i\000n\000i\000\347\000\343\000o\000\040\000F\000o\000r\000m\000a\000l\000\040\000d\000a\000\040\000M\000T}{section.2}% 13
\BOOKMARK [2][-]{subsection.2.3}{\376\377\000F\000u\000n\000\347\000\343\000o\000\040\000d\000e\000\040\000T\000r\000a\000n\000s\000i\000\347\000\343\000o\000\040\000\050\000\051}{section.2}% 14
\BOOKMARK [2][-]{subsection.2.4}{\376\377\000Q\000u\000e\000s\000t\000\343\000o\000\040\000a\000\051\000\040\000S\000e\000q\000u\000\352\000n\000c\000i\000a\000\040\000d\000e\000\040\000C\000o\000n\000f\000i\000g\000u\000r\000a\000\347\000\365\000e\000s}{section.2}% 15
\BOOKMARK [2][-]{subsection.2.5}{\376\377\000R\000e\000s\000u\000m\000o\000\040\000d\000a\000\040\000Q\000u\000e\000s\000t\000\343\000o\000\040\000a\000\051}{section.2}% 16
\BOOKMARK [2][-]{subsection.2.6}{\376\377\000Q\000u\000e\000s\000t\000\343\000o\000\040\000b\000\051\000\040\000L\000i\000n\000g\000u\000a\000g\000e\000m\000\040\000A\000c\000e\000i\000t\000a}{section.2}% 17
\BOOKMARK [1][-]{section.3}{\376\377\000E\000x\000e\000r\000c\000\355\000c\000i\000o\000\040\0003\000:\000\040\000M\000T\000\040\000M\000u\000l\000t\000i\000f\000i\000t\000a}{}% 18
\BOOKMARK [2][-]{subsection.3.1}{\376\377\000I\000n\000t\000r\000o\000d\000u\000\347\000\343\000o\000\040\000\340\000s\000\040\000M\000T\000\040\000M\000u\000l\000t\000i\000f\000i\000t\000a}{section.3}% 19
\BOOKMARK [2][-]{subsection.3.2}{\376\377\0003\000.\000a\000\051\000\040\000L\000\040\000=\000\040\000\173\000w\000\040\000w\000\040\000\040\000c\000o\000m\000e\000\347\000a\000\040\000c\000o\000m\000\040\000\040\000a\000b\000\175}{section.3}% 20
\BOOKMARK [2][-]{subsection.3.3}{\376\377\0003\000.\000b\000\051\000\040\000L\000\040\000=\000\040\000\173\000a\000n\000\040\000b\000n\000\040\000c\000n\000\040\000n\000\040\0000\000\175}{section.3}% 21
\BOOKMARK [2][-]{subsection.3.4}{\376\377\0003\000.\000c\000\051\000\040\000L\000\040\000=\000\040\000\173\000a\000n\000\040\000b\000m\000\040\000n\000\040\000=\000\040\0002\000m\000\175}{section.3}% 22
\BOOKMARK [2][-]{subsection.3.5}{\376\377\0003\000.\000d\000\051\000\040\000L\000\040\000=\000\040\000\173\000w\000w\000R\000\040\000w\000\040\000\173\000a\000,\000\040\000b\000\175\000*\000\175\000\040\000\050\000P\000a\000l\000\355\000n\000d\000r\000o\000m\000o\000s\000\040\000p\000a\000r\000e\000s\000\051}{section.3}% 23
\BOOKMARK [2][-]{subsection.3.6}{\376\377\0003\000.\000e\000\051\000\040\000L\000\040\000=\000\040\000\173\000w\000\040\000n\000a\000\050\000w\000\051\000\040\000=\000\040\000n\000b\000\050\000w\000\051\000\175}{section.3}% 24
\BOOKMARK [2][-]{subsection.3.7}{\376\377\0003\000.\000f\000\051\000\040\000L\000\040\000=\000\040\000\173\0001\000n\000\040\0000\000n\000+\0003\000\040\000n\000\040\0000\000\175}{section.3}% 25
\BOOKMARK [2][-]{subsection.3.8}{\376\377\0003\000.\000g\000\051\000\040\000L\000\040\000=\000\040\000\173\000a\000n\000\040\000b\0002\000n\000\040\000c\000n\000-\0001\000\040\000n\000\040\000>\000\040\0000\000\175}{section.3}% 26
\BOOKMARK [2][-]{subsection.3.9}{\376\377\0003\000.\000h\000\051\000\040\000L\000\040\000=\000\040\000\173\000a\000i\000\040\000b\000j\000\040\000a\000k\000\040\000j\000\040\000=\000\040\000\050\000i\000,\000\040\000k\000\051\000\175}{section.3}% 27
\BOOKMARK [2][-]{subsection.3.10}{\376\377\0003\000.\000i\000\051\000\040\000L\000\040\000=\000\040\000\173\000a\000i\000\040\000b\000j\000\040\000a\000k\000\040\000i\000\040\000=\000\040\000j\000\040\000\040\000o\000u\000\040\000\040\000j\000\040\000=\000\040\000k\000\175}{section.3}% 28
\BOOKMARK [2][-]{subsection.3.11}{\376\377\000R\000e\000s\000u\000m\000o\000:\000\040\000C\000o\000m\000p\000a\000r\000a\000\347\000\343\000o\000\040\000d\000e\000\040\000C\000o\000m\000p\000l\000e\000x\000i\000d\000a\000d\000e\000s}{section.3}% 29
\BOOKMARK [1][-]{section.4}{\376\377\000E\000x\000e\000r\000c\000\355\000c\000i\000o\000\040\0004\000:\000\040\000M\000T\000\040\000N\000\343\000o\000-\000D\000e\000t\000e\000r\000m\000i\000n\000\355\000s\000t\000i\000c\000a}{}% 30
\BOOKMARK [2][-]{subsection.4.1}{\376\377\000I\000n\000t\000r\000o\000d\000u\000\347\000\343\000o\000\040\000\340\000s\000\040\000M\000T\000\040\000N\000\343\000o\000-\000D\000e\000t\000e\000r\000m\000i\000n\000\355\000s\000t\000i\000c\000a\000s}{section.4}% 31
\BOOKMARK [2][-]{subsection.4.2}{\376\377\0004\000.\000a\000\051\000\040\000L\000\040\000=\000\040\000\173\000w\000\040\000w\000\040\000\040\000c\000o\000m\000e\000\347\000a\000\040\000c\000o\000m\000\040\000\040\000a\000b\000\175}{section.4}% 32
\BOOKMARK [2][-]{subsection.4.3}{\376\377\0004\000.\000b\000\051\000\040\000L\000\040\000=\000\040\000\173\000a\000n\000\040\000b\000n\000\040\000c\000n\000\040\000n\000\040\0000\000\175}{section.4}% 33
\BOOKMARK [2][-]{subsection.4.4}{\376\377\0004\000.\000c\000\051\000\040\000L\000\040\000=\000\040\000\173\000a\0002\000m\000\040\000b\000m\000\040\000m\000\040\0000\000\175}{section.4}% 34
\BOOKMARK [2][-]{subsection.4.5}{\376\377\0004\000.\000d\000\051\000\040\000L\000\040\000=\000\040\000\173\000w\000w\000R\000\040\000w\000\040\000\173\000a\000,\000b\000\175\000*\000\175\000\040\000-\000\040\000P\000a\000l\000\355\000n\000d\000r\000o\000m\000o\000s\000\040\000P\000a\000r\000e\000s}{section.4}% 35
\BOOKMARK [2][-]{subsection.4.6}{\376\377\0004\000.\000e\000\051\000\040\000L\000\040\000=\000\040\000\173\000w\000\040\000w\000\040\000\173\000a\000,\000b\000\175\000*\000\040\000\040\000e\000\040\000\040\000\043\000a\000\040\000=\000\040\000\043\000b\000\175}{section.4}% 36
\BOOKMARK [2][-]{subsection.4.7}{\376\377\0004\000.\000f\000\051\000\040\000L\000\040\000=\000\040\000\173\0001\000n\000\040\0000\000n\000+\0003\000\040\000n\000\040\0000\000\175}{section.4}% 37
\BOOKMARK [2][-]{subsection.4.8}{\376\377\0004\000.\000g\000\051\000\040\000L\000\040\000=\000\040\000\173\000a\000n\000\040\000b\0002\000n\000\040\000c\000n\000-\0001\000\040\000n\000\040\000>\000\040\0000\000\175}{section.4}% 38
\BOOKMARK [2][-]{subsection.4.9}{\376\377\0004\000.\000h\000\051\000\040\000L\000\040\000=\000\040\000\173\000a\000i\000\040\000b\000j\000\040\000a\000k\000\040\000j\000\040\000=\000\040\000\050\000i\000,\000\040\000k\000\051\000\175}{section.4}% 39
\BOOKMARK [2][-]{subsection.4.10}{\376\377\0004\000.\000i\000\051\000\040\000L\000\040\000=\000\040\000\173\000a\000i\000\040\000b\000j\000\040\000a\000k\000\040\000i\000\040\000=\000\040\000j\000\040\000\040\000o\000u\000\040\000\040\000j\000\040\000=\000\040\000k\000\175}{section.4}% 40
\BOOKMARK [2][-]{subsection.4.11}{\376\377\000R\000e\000s\000u\000m\000o\000:\000\040\000C\000o\000m\000p\000a\000r\000a\000\347\000\343\000o\000\040\000d\000e\000\040\000C\000o\000m\000p\000l\000e\000x\000i\000d\000a\000d\000e\000s\000\040\000\050\000E\000x\000e\000r\000c\000\355\000c\000i\000o\000\040\0004\000\051}{section.4}% 41
